#
# A fatal error has been detected by the Java Runtime Environment:
#
#  EXCEPTION_ACCESS_VIOLATION (0xc0000005) at pc=0x00000230b3057043, pid=11456, tid=20000
#
# JRE version: OpenJDK Runtime Environment (16.0.1+9) (build 16.0.1+9-24)
# Java VM: OpenJDK 64-Bit Server VM (16.0.1+9-24, mixed mode, tiered, compressed oops, compressed class ptrs, g1 gc, windows-amd64)
# Problematic frame:
# j  com.java.logical.Prime.main([Ljava/lang/String;)V+40
#
# No core dump will be written. Minidumps are not enabled by default on client versions of Windows
#
# If you would like to submit a bug report, please visit:
#   https://bugreport.java.com/bugreport/crash.jsp
#

---------------  S U M M A R Y ------------

Command Line: -XX:+ShowCodeDetailsInExceptionMessages -agentlib:jdwp=transport=dt_socket,suspend=y,address=localhost:62403 -javaagent:C:\Users\admin\eclipse\java-2021-06\eclipse\configuration\org.eclipse.osgi\755\0\.cp\lib\javaagent-shaded.jar -Dfile.encoding=Cp1252 com.java.logical.Prime

Host: Intel(R) Core(TM) i5-2450M CPU @ 2.50GHz, 4 cores, 7G,  Windows 10 , 64 bit Build 19041 (10.0.19041.1566)
Time: Fri Sep 30 11:20:04 2022 India Standard Time elapsed time: 213295.752322 seconds (2d 11h 14m 55s)

---------------  T H R E A D  ---------------

Current thread (0x00000230afac3710):  JavaThread "main" [_thread_in_Java, id=20000, stack(0x0000009841900000,0x0000009841a00000)]

Stack: [0x0000009841900000,0x0000009841a00000],  sp=0x00000098419ff7a0,  free space=1021k
Native frames: (J=compiled Java code, j=interpreted, Vv=VM code, C=native code)
C  0x00000230b3057043


siginfo: EXCEPTION_ACCESS_VIOLATION (0xc0000005), reading address 0x00000230cad3f4f0


Register to memory mapping:

RIP=0x00000230b3057043 is at code_begin+67 in an Interpreter codelet
invokestatic  184 invokestatic  [0x00000230b3057000, 0x00000230b30573a0]  928 bytes
RAX=0x000000000000000d is an unknown value
RBX=0x00000000000000b8 is an unknown value
RCX=0x00000230cac37490 is pointing into metadata
RDX=0x0000000000021008 is an unknown value
RSP=0x00000098419ff7a0 is pointing into the stack for thread: 0x00000230afac3710
RBP=0x00000098419ff808 is pointing into the stack for thread: 0x00000230afac3710
RSI=0x0000000000000001 is an unknown value
RDI=0x00000098419ffc60 is pointing into the stack for thread: 0x00000230afac3710
R8 =0x0 is NULL
R9 =0x00007ffd2773186c VCRUNTIME140.dll
R10=0x00007ffca0d1adb0 jvm.dll
R11=0x00000098419ff5c0 is pointing into the stack for thread: 0x00000230afac3710
R12=0x0 is NULL
R13=0x00000230cac373a0 is pointing into metadata
R14=0x00000098419ff830 is pointing into the stack for thread: 0x00000230afac3710
R15=0x00000230afac3710 is a thread


Registers:
RAX=0x000000000000000d, RBX=0x00000000000000b8, RCX=0x00000230cac37490, RDX=0x0000000000021008
RSP=0x00000098419ff7a0, RBP=0x00000098419ff808, RSI=0x0000000000000001, RDI=0x00000098419ffc60
R8 =0x0000000000000000, R9 =0x00007ffd2773186c, R10=0x00007ffca0d1adb0, R11=0x00000098419ff5c0
R12=0x0000000000000000, R13=0x00000230cac373a0, R14=0x00000098419ff830, R15=0x00000230afac3710
RIP=0x00000230b3057043, EFLAGS=0x0000000000010202

Top of Stack: (sp=0x00000098419ff7a0)
0x00000098419ff7a0:   000000000000000d 00000000881e0240
0x00000098419ff7b0:   00000000881e0240 00000000885147b0
0x00000098419ff7c0:   00000098419ff7c0 00000230cac373a0
0x00000098419ff7d0:   00000098419ff830 00000230cac37490
0x00000098419ff7e0:   0000000000000000 00000000881dff78
0x00000098419ff7f0:   00000230cac37418 0000000000000000
0x00000098419ff800:   00000098419ff830 00000098419ffa10
0x00000098419ff810:   00000230b3031010 000000000000000e
0x00000098419ff820:   0000000000000002 000000000000000d
0x00000098419ff830:   00000000881e0230 0000023000000000
0x00000098419ff840:   0000000000000040 00007ffc00000000
0x00000098419ff850:   00000230afac3710 00007ffca04d6112
0x00000098419ff860:   00000002ffffff01 00007ffc02000002
0x00000098419ff870:   00000230afac3710 00000001000baf78
0x00000098419ff880:   00000230afac3710 0000000000000000
0x00000098419ff890:   0000000000000000 00007ffca04d6112 

Instructions: (pc=0x00000230b3057043)
0x00000230b3056f43:   4d 45 8b 6d 08 49 c1 e5 03 4c 33 68 08 49 f7 c5
0x00000230b3056f53:   fc ff ff ff 74 38 49 f7 c5 02 00 00 00 75 2f 48
0x00000230b3056f63:   81 78 08 00 00 00 00 74 21 48 81 78 08 01 00 00
0x00000230b3056f73:   00 74 17 4c 33 68 08 49 f7 c5 fc ff ff ff 74 0e
0x00000230b3056f83:   48 81 48 08 02 00 00 00 eb 04 4c 89 68 08 48 83
0x00000230b3056f93:   c0 10 4c 8b 68 d8 41 83 ed 04 41 c1 e5 03 49 03
0x00000230b3056fa3:   c5 48 89 45 d8 4c 8d 6c 24 08 4c 89 6d f0 41 80
0x00000230b3056fb3:   bf d8 04 00 00 00 74 03 ff 63 30 ff 63 48 0f 1f
0x00000230b3056fc3:   80 00 00 00 00 00 00 00 00 00 00 00 00 00 00 00
0x00000230b3056fd3:   00 00 00 00 00 00 00 00 00 00 00 00 00 c0 03 00
0x00000230b3056fe3:   00 00 00 00 00 80 d5 ac a0 fc 7f 00 00 b8 00 00
0x00000230b3056ff3:   00 00 00 00 00 00 00 00 00 00 00 00 00 48 83 ec
0x00000230b3057003:   08 c5 fa 11 04 24 e9 25 00 00 00 48 83 ec 10 c5
0x00000230b3057013:   fb 11 04 24 e9 17 00 00 00 48 83 ec 10 48 89 04
0x00000230b3057023:   24 48 c7 44 24 08 00 00 00 00 e9 01 00 00 00 50
0x00000230b3057033:   4c 89 6d c0 41 0f b7 55 01 48 8b 4d d0 c1 e2 02
0x00000230b3057043:   8b 5c d1 20 c1 eb 10 81 e3 ff 00 00 00 81 fb b8
0x00000230b3057053:   00 00 00 0f 84 86 01 00 00 bb b8 00 00 00 e8 05
0x00000230b3057063:   00 00 00 e9 6b 01 00 00 48 8b d3 48 8d 44 24 08
0x00000230b3057073:   4c 89 6d c0 49 8b cf c5 f8 77 49 89 af f8 02 00
0x00000230b3057083:   00 49 89 87 e8 02 00 00 48 83 ec 20 f7 c4 0f 00
0x00000230b3057093:   00 00 0f 84 1a 00 00 00 48 83 ec 08 49 ba b0 95
0x00000230b30570a3:   59 a0 fc 7f 00 00 41 ff d2 48 83 c4 08 e9 0d 00
0x00000230b30570b3:   00 00 49 ba b0 95 59 a0 fc 7f 00 00 41 ff d2 48
0x00000230b30570c3:   83 c4 20 49 c7 87 e8 02 00 00 00 00 00 00 49 c7
0x00000230b30570d3:   87 f8 02 00 00 00 00 00 00 49 c7 87 f0 02 00 00
0x00000230b30570e3:   00 00 00 00 49 c7 87 00 03 00 00 00 00 00 00 c5
0x00000230b30570f3:   f8 77 41 8b 8f 24 04 00 00 f7 c1 01 00 00 00 0f
0x00000230b3057103:   84 49 00 00 00 f7 c1 02 00 00 00 0f 85 3d 00 00
0x00000230b3057113:   00 48 83 ec 20 f7 c4 0f 00 00 00 0f 84 1a 00 00
0x00000230b3057123:   00 48 83 ec 08 49 ba 60 35 59 a0 fc 7f 00 00 41
0x00000230b3057133:   ff d2 48 83 c4 08 e9 0d 00 00 00 49 ba 60 35 59 


Stack slot to memory mapping:
stack at sp + 0 slots: 0x000000000000000d is an unknown value
stack at sp + 1 slots: 0x00000000881e0240 is an oop: java.lang.StringBuilder 
{0x00000000881e0240} - klass: 'java/lang/StringBuilder'
stack at sp + 2 slots: 0x00000000881e0240 is an oop: java.lang.StringBuilder 
{0x00000000881e0240} - klass: 'java/lang/StringBuilder'
stack at sp + 3 slots: 0x00000000885147b0 is an oop: java.io.PrintStream 
{0x00000000885147b0} - klass: 'java/io/PrintStream'
stack at sp + 4 slots: 0x00000098419ff7c0 is pointing into the stack for thread: 0x00000230afac3710
stack at sp + 5 slots: 0x00000230cac373a0 is pointing into metadata
stack at sp + 6 slots: 0x00000098419ff830 is pointing into the stack for thread: 0x00000230afac3710
stack at sp + 7 slots: 0x00000230cac37490 is pointing into metadata

invokestatic  184 invokestatic  [0x00000230b3057000, 0x00000230b30573a0]  928 bytes
[MachCode]
  0x00000230b3057000: 4883 ec08 | c5fa 1104 | 24e9 2500 | 0000 4883 | ec10 c5fb | 1104 24e9 | 1700 0000 | 4883 ec10 
  0x00000230b3057020: 4889 0424 | 48c7 4424 | 0800 0000 | 00e9 0100 | 0000 504c | 896d c041 | 0fb7 5501 | 488b 4dd0 
  0x00000230b3057040: c1e2 028b | 5cd1 20c1 | eb10 81e3 | ff00 0000 | 81fb b800 | 0000 0f84 | 8601 0000 | bbb8 0000 
  0x00000230b3057060: 00e8 0500 | 0000 e96b | 0100 0048 | 8bd3 488d | 4424 084c | 896d c049 | 8bcf c5f8 | 7749 89af 
  0x00000230b3057080: f802 0000 | 4989 87e8 | 0200 0048 | 83ec 20f7 | c40f 0000 | 000f 841a | 0000 0048 | 83ec 0849 
  0x00000230b30570a0: bab0 9559 | a0fc 7f00 | 0041 ffd2 | 4883 c408 | e90d 0000 | 0049 bab0 | 9559 a0fc | 7f00 0041 
  0x00000230b30570c0: ffd2 4883 | c420 49c7 | 87e8 0200 | 0000 0000 | 0049 c787 | f802 0000 | 0000 0000 | 49c7 87f0 
  0x00000230b30570e0: 0200 0000 | 0000 0049 | c787 0003 | 0000 0000 | 0000 c5f8 | 7741 8b8f | 2404 0000 | f7c1 0100 
  0x00000230b3057100: 0000 0f84 | 4900 0000 | f7c1 0200 | 0000 0f85 | 3d00 0000 | 4883 ec20 | f7c4 0f00 | 0000 0f84 
  0x00000230b3057120: 1a00 0000 | 4883 ec08 | 49ba 6035 | 59a0 fc7f | 0000 41ff | d248 83c4 | 08e9 0d00 | 0000 49ba 
  0x00000230b3057140: 6035 59a0 | fc7f 0000 | 41ff d248 | 83c4 20ff | e049 8b8f | d004 0000 | 4885 c90f | 8459 0000 
  0x00000230b3057160: 008b 898c | 0000 0083 | f901 0f85 | 4a00 0000 | 498b 8fd0 | 0400 008b | 8990 0000 | 0048 83ec 
  0x00000230b3057180: 20f7 c40f | 0000 000f | 841a 0000 | 0048 83ec | 0849 ba50 | 3559 a0fc | 7f00 0041 | ffd2 4883 
  0x00000230b30571a0: c408 e90d | 0000 0049 | ba50 3559 | a0fc 7f00 | 0041 ffd2 | 4883 c420 | ffe0 4981 | 7f08 0000 
  0x00000230b30571c0: 0000 0f84 | 0500 0000 | e933 9dfd | ff4c 8b6d | c04c 8b75 | c8c3 410f | b755 0148 | 8b4d d0c1 
  0x00000230b30571e0: e202 488b | 5cd1 2848 | 8b5b 0848 | 8b5b 0848 | 8b5b 1880 | bb33 0100 | 0004 0f84 | 0d00 0000 
  0x00000230b3057200: 4c3b bb38 | 0100 000f | 854f feff | ff48 8b5c | d128 8b54 | d138 c1ea | 1c49 bac0 | 8cd1 a0fc 
  0x00000230b3057220: 7f00 0049 | 8b14 d252 | 488b 45d8 | 4885 c00f | 8412 0000 | 0048 8340 | 0801 4883 | 5808 0048 
  0x00000230b3057240: 83c0 1048 | 8945 d848 | 8b45 d848 | 85c0 0f84 | 2f01 0000 | 8078 f00a | 0f85 2501 | 0000 4883 
  0x00000230b3057260: c008 4c8b | 68f8 4183 | ed00 4183 | fd02 0f8c | 0401 0000 | 4c8b 6b08 | 450f b76d | 344c 2b28 
  0x00000230b3057280: 4183 ed01 | 4e8b 6cec | 084d 85ed | 750a 4881 | 4808 0100 | 0000 eb4d | 458b 6d08 | 49c1 e503 
  0x00000230b30572a0: 4c33 6808 | 49f7 c5fc | ffff ff74 | 3849 f7c5 | 0200 0000 | 752f 4881 | 7808 0000 | 0000 7421 
  0x00000230b30572c0: 4881 7808 | 0100 0000 | 7417 4c33 | 6808 49f7 | c5fc ffff | ff74 0e48 | 8148 0802 | 0000 00eb 
  0x00000230b30572e0: 044c 8968 | 0848 83c0 | 104c 8b68 | e841 83ed | 0241 83fd | 020f 8c7d | 0000 004c | 8b6b 0845 
  0x00000230b3057300: 0fb7 6d34 | 4c2b 2841 | 83ed 014e | 8b6c ec08 | 4d85 ed75 | 0a48 8148 | 0801 0000 | 00eb 4d45 
  0x00000230b3057320: 8b6d 0849 | c1e5 034c | 3368 0849 | f7c5 fcff | ffff 7438 | 49f7 c502 | 0000 0075 | 2f48 8178 
  0x00000230b3057340: 0800 0000 | 0074 2148 | 8178 0801 | 0000 0074 | 174c 3368 | 0849 f7c5 | fcff ffff | 740e 4881 
  0x00000230b3057360: 4808 0200 | 0000 eb04 | 4c89 6808 | 4883 c010 | 4c8b 68d8 | 4183 ed04 | 41c1 e503 | 4903 c548 
  0x00000230b3057380: 8945 d84c | 8d6c 2408 | 4c89 6df0 | 4180 bfd8 | 0400 0000 | 7403 ff63 | 30ff 6348 | 0f1f 4000 
[/MachCode]

---------------  P R O C E S S  ---------------

Threads class SMR info:
_java_thread_list=0x00000230ca358440, length=13, elements={
0x00000230afac3710, 0x00000230c90f6010, 0x00000230c90f6ae0, 0x00000230c912a5c0,
0x00000230c912dc00, 0x00000230c912e210, 0x00000230c9c21520, 0x00000230c9c21e50,
0x00000230c9c223b0, 0x00000230c9c2ca00, 0x00000230c9cb41c0, 0x00000230c9e5a9b0,
0x00000230c9ff8730
}

Java Threads: ( => current thread )
=>0x00000230afac3710 JavaThread "main" [_thread_in_Java, id=20000, stack(0x0000009841900000,0x0000009841a00000)]
  0x00000230c90f6010 JavaThread "Reference Handler" daemon [_thread_blocked, id=13576, stack(0x0000009842000000,0x0000009842100000)]
  0x00000230c90f6ae0 JavaThread "Finalizer" daemon [_thread_blocked, id=4960, stack(0x0000009842100000,0x0000009842200000)]
  0x00000230c912a5c0 JavaThread "Signal Dispatcher" daemon [_thread_blocked, id=9124, stack(0x0000009842200000,0x0000009842300000)]
  0x00000230c912dc00 JavaThread "Attach Listener" daemon [_thread_blocked, id=10796, stack(0x0000009842300000,0x0000009842400000)]
  0x00000230c912e210 JavaThread "Service Thread" daemon [_thread_blocked, id=20472, stack(0x0000009842400000,0x0000009842500000)]
  0x00000230c9c21520 JavaThread "Monitor Deflation Thread" daemon [_thread_blocked, id=15316, stack(0x0000009842500000,0x0000009842600000)]
  0x00000230c9c21e50 JavaThread "C2 CompilerThread0" daemon [_thread_blocked, id=20528, stack(0x0000009842600000,0x0000009842700000)]
  0x00000230c9c223b0 JavaThread "C1 CompilerThread0" daemon [_thread_blocked, id=20192, stack(0x0000009842700000,0x0000009842800000)]
  0x00000230c9c2ca00 JavaThread "Sweeper thread" daemon [_thread_blocked, id=20960, stack(0x0000009842800000,0x0000009842900000)]
  0x00000230c9cb41c0 JavaThread "Common-Cleaner" daemon [_thread_blocked, id=21148, stack(0x0000009842900000,0x0000009842a00000)]
  0x00000230c9e5a9b0 JavaThread "JDWP Event Helper Thread" daemon [_thread_blocked, id=20736, stack(0x0000009842b00000,0x0000009842c00000)]
  0x00000230c9ff8730 JavaThread "Notification Thread" daemon [_thread_blocked, id=8100, stack(0x0000009842d00000,0x0000009842e00000)]

Other Threads:
  0x00000230c90e2500 VMThread "VM Thread" [stack: 0x0000009841f00000,0x0000009842000000] [id=5788]
  0x00000230c9ff8c50 WatcherThread [stack: 0x0000009842e00000,0x0000009842f00000] [id=21120]
  0x00000230afb00210 GCTaskThread "GC Thread#0" [stack: 0x0000009841a00000,0x0000009841b00000] [id=9072]
  0x00000230afb13aa0 ConcurrentGCThread "G1 Main Marker" [stack: 0x0000009841b00000,0x0000009841c00000] [id=19964]
  0x00000230afb14510 ConcurrentGCThread "G1 Conc#0" [stack: 0x0000009841c00000,0x0000009841d00000] [id=19092]
  0x00000230afb90280 ConcurrentGCThread "G1 Refine#0" [stack: 0x0000009841d00000,0x0000009841e00000] [id=13432]
  0x00000230afb92920 ConcurrentGCThread "G1 Service" [stack: 0x0000009841e00000,0x0000009841f00000] [id=18240]

Threads with active compile tasks:

VM state: not at safepoint (normal execution)

VM Mutex/Monitor currently owned by a thread: None

Heap address: 0x0000000080600000, size: 2042 MB, Compressed Oops mode: 32-bit

CDS disabled.
Compressed class space mapped at: 0x0000000100000000-0x0000000140000000, reserved size: 1073741824
Narrow klass base: 0x0000000000000000, Narrow klass shift: 3, Narrow klass range: 0x140000000

GC Precious Log:
 CPUs: 4 total, 4 available
 Memory: 8162M
 Large Page Support: Disabled
 NUMA Support: Disabled
 Compressed Oops: Enabled (32-bit)
 Heap Region Size: 1M
 Heap Min Capacity: 8M
 Heap Initial Capacity: 128M
 Heap Max Capacity: 2042M
 Pre-touch: Disabled
 Parallel Workers: 4
 Concurrent Workers: 1
 Concurrent Refinement Workers: 4
 Periodic GC: Disabled

Heap:
 garbage-first heap   total 131072K, used 4096K [0x0000000080600000, 0x0000000100000000)
  region size 1024K, 5 young (5120K), 0 survivors (0K)
 Metaspace       used 9177K, committed 9280K, reserved 1064960K
  class space    used 781K, committed 832K, reserved 1048576K

Heap Regions: E=young(eden), S=young(survivor), O=old, HS=humongous(starts), HC=humongous(continues), CS=collection set, F=free, OA=open archive, CA=closed archive, TAMS=top-at-mark-start (previous, next)
|   0|0x0000000080600000, 0x0000000080600000, 0x0000000080700000|  0%| F|  |TAMS 0x0000000080600000, 0x0000000080600000| Untracked 
|   1|0x0000000080700000, 0x0000000080700000, 0x0000000080800000|  0%| F|  |TAMS 0x0000000080700000, 0x0000000080700000| Untracked 
|   2|0x0000000080800000, 0x0000000080800000, 0x0000000080900000|  0%| F|  |TAMS 0x0000000080800000, 0x0000000080800000| Untracked 
|   3|0x0000000080900000, 0x0000000080900000, 0x0000000080a00000|  0%| F|  |TAMS 0x0000000080900000, 0x0000000080900000| Untracked 
|   4|0x0000000080a00000, 0x0000000080a00000, 0x0000000080b00000|  0%| F|  |TAMS 0x0000000080a00000, 0x0000000080a00000| Untracked 
|   5|0x0000000080b00000, 0x0000000080b00000, 0x0000000080c00000|  0%| F|  |TAMS 0x0000000080b00000, 0x0000000080b00000| Untracked 
|   6|0x0000000080c00000, 0x0000000080c00000, 0x0000000080d00000|  0%| F|  |TAMS 0x0000000080c00000, 0x0000000080c00000| Untracked 
|   7|0x0000000080d00000, 0x0000000080d00000, 0x0000000080e00000|  0%| F|  |TAMS 0x0000000080d00000, 0x0000000080d00000| Untracked 
|   8|0x0000000080e00000, 0x0000000080e00000, 0x0000000080f00000|  0%| F|  |TAMS 0x0000000080e00000, 0x0000000080e00000| Untracked 
|   9|0x0000000080f00000, 0x0000000080f00000, 0x0000000081000000|  0%| F|  |TAMS 0x0000000080f00000, 0x0000000080f00000| Untracked 
|  10|0x0000000081000000, 0x0000000081000000, 0x0000000081100000|  0%| F|  |TAMS 0x0000000081000000, 0x0000000081000000| Untracked 
|  11|0x0000000081100000, 0x0000000081100000, 0x0000000081200000|  0%| F|  |TAMS 0x0000000081100000, 0x0000000081100000| Untracked 
|  12|0x0000000081200000, 0x0000000081200000, 0x0000000081300000|  0%| F|  |TAMS 0x0000000081200000, 0x0000000081200000| Untracked 
|  13|0x0000000081300000, 0x0000000081300000, 0x0000000081400000|  0%| F|  |TAMS 0x0000000081300000, 0x0000000081300000| Untracked 
|  14|0x0000000081400000, 0x0000000081400000, 0x0000000081500000|  0%| F|  |TAMS 0x0000000081400000, 0x0000000081400000| Untracked 
|  15|0x0000000081500000, 0x0000000081500000, 0x0000000081600000|  0%| F|  |TAMS 0x0000000081500000, 0x0000000081500000| Untracked 
|  16|0x0000000081600000, 0x0000000081600000, 0x0000000081700000|  0%| F|  |TAMS 0x0000000081600000, 0x0000000081600000| Untracked 
|  17|0x0000000081700000, 0x0000000081700000, 0x0000000081800000|  0%| F|  |TAMS 0x0000000081700000, 0x0000000081700000| Untracked 
|  18|0x0000000081800000, 0x0000000081800000, 0x0000000081900000|  0%| F|  |TAMS 0x0000000081800000, 0x0000000081800000| Untracked 
|  19|0x0000000081900000, 0x0000000081900000, 0x0000000081a00000|  0%| F|  |TAMS 0x0000000081900000, 0x0000000081900000| Untracked 
|  20|0x0000000081a00000, 0x0000000081a00000, 0x0000000081b00000|  0%| F|  |TAMS 0x0000000081a00000, 0x0000000081a00000| Untracked 
|  21|0x0000000081b00000, 0x0000000081b00000, 0x0000000081c00000|  0%| F|  |TAMS 0x0000000081b00000, 0x0000000081b00000| Untracked 
|  22|0x0000000081c00000, 0x0000000081c00000, 0x0000000081d00000|  0%| F|  |TAMS 0x0000000081c00000, 0x0000000081c00000| Untracked 
|  23|0x0000000081d00000, 0x0000000081d00000, 0x0000000081e00000|  0%| F|  |TAMS 0x0000000081d00000, 0x0000000081d00000| Untracked 
|  24|0x0000000081e00000, 0x0000000081e00000, 0x0000000081f00000|  0%| F|  |TAMS 0x0000000081e00000, 0x0000000081e00000| Untracked 
|  25|0x0000000081f00000, 0x0000000081f00000, 0x0000000082000000|  0%| F|  |TAMS 0x0000000081f00000, 0x0000000081f00000| Untracked 
|  26|0x0000000082000000, 0x0000000082000000, 0x0000000082100000|  0%| F|  |TAMS 0x0000000082000000, 0x0000000082000000| Untracked 
|  27|0x0000000082100000, 0x0000000082100000, 0x0000000082200000|  0%| F|  |TAMS 0x0000000082100000, 0x0000000082100000| Untracked 
|  28|0x0000000082200000, 0x0000000082200000, 0x0000000082300000|  0%| F|  |TAMS 0x0000000082200000, 0x0000000082200000| Untracked 
|  29|0x0000000082300000, 0x0000000082300000, 0x0000000082400000|  0%| F|  |TAMS 0x0000000082300000, 0x0000000082300000| Untracked 
|  30|0x0000000082400000, 0x0000000082400000, 0x0000000082500000|  0%| F|  |TAMS 0x0000000082400000, 0x0000000082400000| Untracked 
|  31|0x0000000082500000, 0x0000000082500000, 0x0000000082600000|  0%| F|  |TAMS 0x0000000082500000, 0x0000000082500000| Untracked 
|  32|0x0000000082600000, 0x0000000082600000, 0x0000000082700000|  0%| F|  |TAMS 0x0000000082600000, 0x0000000082600000| Untracked 
|  33|0x0000000082700000, 0x0000000082700000, 0x0000000082800000|  0%| F|  |TAMS 0x0000000082700000, 0x0000000082700000| Untracked 
|  34|0x0000000082800000, 0x0000000082800000, 0x0000000082900000|  0%| F|  |TAMS 0x0000000082800000, 0x0000000082800000| Untracked 
|  35|0x0000000082900000, 0x0000000082900000, 0x0000000082a00000|  0%| F|  |TAMS 0x0000000082900000, 0x0000000082900000| Untracked 
|  36|0x0000000082a00000, 0x0000000082a00000, 0x0000000082b00000|  0%| F|  |TAMS 0x0000000082a00000, 0x0000000082a00000| Untracked 
|  37|0x0000000082b00000, 0x0000000082b00000, 0x0000000082c00000|  0%| F|  |TAMS 0x0000000082b00000, 0x0000000082b00000| Untracked 
|  38|0x0000000082c00000, 0x0000000082c00000, 0x0000000082d00000|  0%| F|  |TAMS 0x0000000082c00000, 0x0000000082c00000| Untracked 
|  39|0x0000000082d00000, 0x0000000082d00000, 0x0000000082e00000|  0%| F|  |TAMS 0x0000000082d00000, 0x0000000082d00000| Untracked 
|  40|0x0000000082e00000, 0x0000000082e00000, 0x0000000082f00000|  0%| F|  |TAMS 0x0000000082e00000, 0x0000000082e00000| Untracked 
|  41|0x0000000082f00000, 0x0000000082f00000, 0x0000000083000000|  0%| F|  |TAMS 0x0000000082f00000, 0x0000000082f00000| Untracked 
|  42|0x0000000083000000, 0x0000000083000000, 0x0000000083100000|  0%| F|  |TAMS 0x0000000083000000, 0x0000000083000000| Untracked 
|  43|0x0000000083100000, 0x0000000083100000, 0x0000000083200000|  0%| F|  |TAMS 0x0000000083100000, 0x0000000083100000| Untracked 
|  44|0x0000000083200000, 0x0000000083200000, 0x0000000083300000|  0%| F|  |TAMS 0x0000000083200000, 0x0000000083200000| Untracked 
|  45|0x0000000083300000, 0x0000000083300000, 0x0000000083400000|  0%| F|  |TAMS 0x0000000083300000, 0x0000000083300000| Untracked 
|  46|0x0000000083400000, 0x0000000083400000, 0x0000000083500000|  0%| F|  |TAMS 0x0000000083400000, 0x0000000083400000| Untracked 
|  47|0x0000000083500000, 0x0000000083500000, 0x0000000083600000|  0%| F|  |TAMS 0x0000000083500000, 0x0000000083500000| Untracked 
|  48|0x0000000083600000, 0x0000000083600000, 0x0000000083700000|  0%| F|  |TAMS 0x0000000083600000, 0x0000000083600000| Untracked 
|  49|0x0000000083700000, 0x0000000083700000, 0x0000000083800000|  0%| F|  |TAMS 0x0000000083700000, 0x0000000083700000| Untracked 
|  50|0x0000000083800000, 0x0000000083800000, 0x0000000083900000|  0%| F|  |TAMS 0x0000000083800000, 0x0000000083800000| Untracked 
|  51|0x0000000083900000, 0x0000000083900000, 0x0000000083a00000|  0%| F|  |TAMS 0x0000000083900000, 0x0000000083900000| Untracked 
|  52|0x0000000083a00000, 0x0000000083a00000, 0x0000000083b00000|  0%| F|  |TAMS 0x0000000083a00000, 0x0000000083a00000| Untracked 
|  53|0x0000000083b00000, 0x0000000083b00000, 0x0000000083c00000|  0%| F|  |TAMS 0x0000000083b00000, 0x0000000083b00000| Untracked 
|  54|0x0000000083c00000, 0x0000000083c00000, 0x0000000083d00000|  0%| F|  |TAMS 0x0000000083c00000, 0x0000000083c00000| Untracked 
|  55|0x0000000083d00000, 0x0000000083d00000, 0x0000000083e00000|  0%| F|  |TAMS 0x0000000083d00000, 0x0000000083d00000| Untracked 
|  56|0x0000000083e00000, 0x0000000083e00000, 0x0000000083f00000|  0%| F|  |TAMS 0x0000000083e00000, 0x0000000083e00000| Untracked 
|  57|0x0000000083f00000, 0x0000000083f00000, 0x0000000084000000|  0%| F|  |TAMS 0x0000000083f00000, 0x0000000083f00000| Untracked 
|  58|0x0000000084000000, 0x0000000084000000, 0x0000000084100000|  0%| F|  |TAMS 0x0000000084000000, 0x0000000084000000| Untracked 
|  59|0x0000000084100000, 0x0000000084100000, 0x0000000084200000|  0%| F|  |TAMS 0x0000000084100000, 0x0000000084100000| Untracked 
|  60|0x0000000084200000, 0x0000000084200000, 0x0000000084300000|  0%| F|  |TAMS 0x0000000084200000, 0x0000000084200000| Untracked 
|  61|0x0000000084300000, 0x0000000084300000, 0x0000000084400000|  0%| F|  |TAMS 0x0000000084300000, 0x0000000084300000| Untracked 
|  62|0x0000000084400000, 0x0000000084400000, 0x0000000084500000|  0%| F|  |TAMS 0x0000000084400000, 0x0000000084400000| Untracked 
|  63|0x0000000084500000, 0x0000000084500000, 0x0000000084600000|  0%| F|  |TAMS 0x0000000084500000, 0x0000000084500000| Untracked 
|  64|0x0000000084600000, 0x0000000084600000, 0x0000000084700000|  0%| F|  |TAMS 0x0000000084600000, 0x0000000084600000| Untracked 
|  65|0x0000000084700000, 0x0000000084700000, 0x0000000084800000|  0%| F|  |TAMS 0x0000000084700000, 0x0000000084700000| Untracked 
|  66|0x0000000084800000, 0x0000000084800000, 0x0000000084900000|  0%| F|  |TAMS 0x0000000084800000, 0x0000000084800000| Untracked 
|  67|0x0000000084900000, 0x0000000084900000, 0x0000000084a00000|  0%| F|  |TAMS 0x0000000084900000, 0x0000000084900000| Untracked 
|  68|0x0000000084a00000, 0x0000000084a00000, 0x0000000084b00000|  0%| F|  |TAMS 0x0000000084a00000, 0x0000000084a00000| Untracked 
|  69|0x0000000084b00000, 0x0000000084b00000, 0x0000000084c00000|  0%| F|  |TAMS 0x0000000084b00000, 0x0000000084b00000| Untracked 
|  70|0x0000000084c00000, 0x0000000084c00000, 0x0000000084d00000|  0%| F|  |TAMS 0x0000000084c00000, 0x0000000084c00000| Untracked 
|  71|0x0000000084d00000, 0x0000000084d00000, 0x0000000084e00000|  0%| F|  |TAMS 0x0000000084d00000, 0x0000000084d00000| Untracked 
|  72|0x0000000084e00000, 0x0000000084e00000, 0x0000000084f00000|  0%| F|  |TAMS 0x0000000084e00000, 0x0000000084e00000| Untracked 
|  73|0x0000000084f00000, 0x0000000084f00000, 0x0000000085000000|  0%| F|  |TAMS 0x0000000084f00000, 0x0000000084f00000| Untracked 
|  74|0x0000000085000000, 0x0000000085000000, 0x0000000085100000|  0%| F|  |TAMS 0x0000000085000000, 0x0000000085000000| Untracked 
|  75|0x0000000085100000, 0x0000000085100000, 0x0000000085200000|  0%| F|  |TAMS 0x0000000085100000, 0x0000000085100000| Untracked 
|  76|0x0000000085200000, 0x0000000085200000, 0x0000000085300000|  0%| F|  |TAMS 0x0000000085200000, 0x0000000085200000| Untracked 
|  77|0x0000000085300000, 0x0000000085300000, 0x0000000085400000|  0%| F|  |TAMS 0x0000000085300000, 0x0000000085300000| Untracked 
|  78|0x0000000085400000, 0x0000000085400000, 0x0000000085500000|  0%| F|  |TAMS 0x0000000085400000, 0x0000000085400000| Untracked 
|  79|0x0000000085500000, 0x0000000085500000, 0x0000000085600000|  0%| F|  |TAMS 0x0000000085500000, 0x0000000085500000| Untracked 
|  80|0x0000000085600000, 0x0000000085600000, 0x0000000085700000|  0%| F|  |TAMS 0x0000000085600000, 0x0000000085600000| Untracked 
|  81|0x0000000085700000, 0x0000000085700000, 0x0000000085800000|  0%| F|  |TAMS 0x0000000085700000, 0x0000000085700000| Untracked 
|  82|0x0000000085800000, 0x0000000085800000, 0x0000000085900000|  0%| F|  |TAMS 0x0000000085800000, 0x0000000085800000| Untracked 
|  83|0x0000000085900000, 0x0000000085900000, 0x0000000085a00000|  0%| F|  |TAMS 0x0000000085900000, 0x0000000085900000| Untracked 
|  84|0x0000000085a00000, 0x0000000085a00000, 0x0000000085b00000|  0%| F|  |TAMS 0x0000000085a00000, 0x0000000085a00000| Untracked 
|  85|0x0000000085b00000, 0x0000000085b00000, 0x0000000085c00000|  0%| F|  |TAMS 0x0000000085b00000, 0x0000000085b00000| Untracked 
|  86|0x0000000085c00000, 0x0000000085c00000, 0x0000000085d00000|  0%| F|  |TAMS 0x0000000085c00000, 0x0000000085c00000| Untracked 
|  87|0x0000000085d00000, 0x0000000085d00000, 0x0000000085e00000|  0%| F|  |TAMS 0x0000000085d00000, 0x0000000085d00000| Untracked 
|  88|0x0000000085e00000, 0x0000000085e00000, 0x0000000085f00000|  0%| F|  |TAMS 0x0000000085e00000, 0x0000000085e00000| Untracked 
|  89|0x0000000085f00000, 0x0000000085f00000, 0x0000000086000000|  0%| F|  |TAMS 0x0000000085f00000, 0x0000000085f00000| Untracked 
|  90|0x0000000086000000, 0x0000000086000000, 0x0000000086100000|  0%| F|  |TAMS 0x0000000086000000, 0x0000000086000000| Untracked 
|  91|0x0000000086100000, 0x0000000086100000, 0x0000000086200000|  0%| F|  |TAMS 0x0000000086100000, 0x0000000086100000| Untracked 
|  92|0x0000000086200000, 0x0000000086200000, 0x0000000086300000|  0%| F|  |TAMS 0x0000000086200000, 0x0000000086200000| Untracked 
|  93|0x0000000086300000, 0x0000000086300000, 0x0000000086400000|  0%| F|  |TAMS 0x0000000086300000, 0x0000000086300000| Untracked 
|  94|0x0000000086400000, 0x0000000086400000, 0x0000000086500000|  0%| F|  |TAMS 0x0000000086400000, 0x0000000086400000| Untracked 
|  95|0x0000000086500000, 0x0000000086500000, 0x0000000086600000|  0%| F|  |TAMS 0x0000000086500000, 0x0000000086500000| Untracked 
|  96|0x0000000086600000, 0x0000000086600000, 0x0000000086700000|  0%| F|  |TAMS 0x0000000086600000, 0x0000000086600000| Untracked 
|  97|0x0000000086700000, 0x0000000086700000, 0x0000000086800000|  0%| F|  |TAMS 0x0000000086700000, 0x0000000086700000| Untracked 
|  98|0x0000000086800000, 0x0000000086800000, 0x0000000086900000|  0%| F|  |TAMS 0x0000000086800000, 0x0000000086800000| Untracked 
|  99|0x0000000086900000, 0x0000000086900000, 0x0000000086a00000|  0%| F|  |TAMS 0x0000000086900000, 0x0000000086900000| Untracked 
| 100|0x0000000086a00000, 0x0000000086a00000, 0x0000000086b00000|  0%| F|  |TAMS 0x0000000086a00000, 0x0000000086a00000| Untracked 
| 101|0x0000000086b00000, 0x0000000086b00000, 0x0000000086c00000|  0%| F|  |TAMS 0x0000000086b00000, 0x0000000086b00000| Untracked 
| 102|0x0000000086c00000, 0x0000000086c00000, 0x0000000086d00000|  0%| F|  |TAMS 0x0000000086c00000, 0x0000000086c00000| Untracked 
| 103|0x0000000086d00000, 0x0000000086d00000, 0x0000000086e00000|  0%| F|  |TAMS 0x0000000086d00000, 0x0000000086d00000| Untracked 
| 104|0x0000000086e00000, 0x0000000086e00000, 0x0000000086f00000|  0%| F|  |TAMS 0x0000000086e00000, 0x0000000086e00000| Untracked 
| 105|0x0000000086f00000, 0x0000000086f00000, 0x0000000087000000|  0%| F|  |TAMS 0x0000000086f00000, 0x0000000086f00000| Untracked 
| 106|0x0000000087000000, 0x0000000087000000, 0x0000000087100000|  0%| F|  |TAMS 0x0000000087000000, 0x0000000087000000| Untracked 
| 107|0x0000000087100000, 0x0000000087100000, 0x0000000087200000|  0%| F|  |TAMS 0x0000000087100000, 0x0000000087100000| Untracked 
| 108|0x0000000087200000, 0x0000000087200000, 0x0000000087300000|  0%| F|  |TAMS 0x0000000087200000, 0x0000000087200000| Untracked 
| 109|0x0000000087300000, 0x0000000087300000, 0x0000000087400000|  0%| F|  |TAMS 0x0000000087300000, 0x0000000087300000| Untracked 
| 110|0x0000000087400000, 0x0000000087400000, 0x0000000087500000|  0%| F|  |TAMS 0x0000000087400000, 0x0000000087400000| Untracked 
| 111|0x0000000087500000, 0x0000000087500000, 0x0000000087600000|  0%| F|  |TAMS 0x0000000087500000, 0x0000000087500000| Untracked 
| 112|0x0000000087600000, 0x0000000087600000, 0x0000000087700000|  0%| F|  |TAMS 0x0000000087600000, 0x0000000087600000| Untracked 
| 113|0x0000000087700000, 0x0000000087700000, 0x0000000087800000|  0%| F|  |TAMS 0x0000000087700000, 0x0000000087700000| Untracked 
| 114|0x0000000087800000, 0x0000000087800000, 0x0000000087900000|  0%| F|  |TAMS 0x0000000087800000, 0x0000000087800000| Untracked 
| 115|0x0000000087900000, 0x0000000087900000, 0x0000000087a00000|  0%| F|  |TAMS 0x0000000087900000, 0x0000000087900000| Untracked 
| 116|0x0000000087a00000, 0x0000000087a00000, 0x0000000087b00000|  0%| F|  |TAMS 0x0000000087a00000, 0x0000000087a00000| Untracked 
| 117|0x0000000087b00000, 0x0000000087b00000, 0x0000000087c00000|  0%| F|  |TAMS 0x0000000087b00000, 0x0000000087b00000| Untracked 
| 118|0x0000000087c00000, 0x0000000087c00000, 0x0000000087d00000|  0%| F|  |TAMS 0x0000000087c00000, 0x0000000087c00000| Untracked 
| 119|0x0000000087d00000, 0x0000000087d00000, 0x0000000087e00000|  0%| F|  |TAMS 0x0000000087d00000, 0x0000000087d00000| Untracked 
| 120|0x0000000087e00000, 0x0000000087e00000, 0x0000000087f00000|  0%| F|  |TAMS 0x0000000087e00000, 0x0000000087e00000| Untracked 
| 121|0x0000000087f00000, 0x0000000087f00000, 0x0000000088000000|  0%| F|  |TAMS 0x0000000087f00000, 0x0000000087f00000| Untracked 
| 122|0x0000000088000000, 0x0000000088000000, 0x0000000088100000|  0%| F|  |TAMS 0x0000000088000000, 0x0000000088000000| Untracked 
| 123|0x0000000088100000, 0x0000000088200000, 0x0000000088200000|100%| E|  |TAMS 0x0000000088100000, 0x0000000088100000| Complete 
| 124|0x0000000088200000, 0x0000000088300000, 0x0000000088300000|100%| E|CS|TAMS 0x0000000088200000, 0x0000000088200000| Complete 
| 125|0x0000000088300000, 0x0000000088400000, 0x0000000088400000|100%| E|CS|TAMS 0x0000000088300000, 0x0000000088300000| Complete 
| 126|0x0000000088400000, 0x0000000088500000, 0x0000000088500000|100%| E|CS|TAMS 0x0000000088400000, 0x0000000088400000| Complete 
| 127|0x0000000088500000, 0x0000000088600000, 0x0000000088600000|100%| E|CS|TAMS 0x0000000088500000, 0x0000000088500000| Complete 

Card table byte_map: [0x00000230c2430000,0x00000230c2830000] _byte_map_base: 0x00000230c202d000

Marking Bits (Prev, Next): (CMBitMap*) 0x00000230afb00900, (CMBitMap*) 0x00000230afb00940
 Prev Bits: [0x00000230c2c30000, 0x00000230c4c18000)
 Next Bits: [0x00000230c4c20000, 0x00000230c6c08000)

Polling page: 0x00000230ad910000

Metaspace:

Usage:
  Non-class:      8.20 MB used.
      Class:    781.76 KB used.
       Both:      8.96 MB used.

Virtual space:
  Non-class space:       16.00 MB reserved,       8.25 MB ( 52%) committed,  2 nodes.
      Class space:        1.00 GB reserved,     832.00 KB ( <1%) committed,  1 nodes.
              Both:        1.02 GB reserved,       9.06 MB ( <1%) committed. 

Chunk freelists:
   Non-Class:  3.77 MB
       Class:  3.22 MB
        Both:  6.99 MB

MaxMetaspaceSize: 17179869184.00 GB
CompressedClassSpaceSize: 1.00 GB
 - commit_granule_bytes: 65536.
 - commit_granule_words: 8192.
 - virtual_space_node_default_size: 1048576.
 - enlarge_chunks_in_place: 1.
 - new_chunks_are_fully_committed: 0.
 - uncommit_free_chunks: 1.
 - use_allocation_guard: 0.
 - handle_deallocations: 1.


Internal statistics:

num_allocs_failed_limit: 0.
num_arena_births: 10.
num_arena_deaths: 0.
num_vsnodes_births: 3.
num_vsnodes_deaths: 0.
num_space_committed: 145.
num_space_uncommitted: 0.
num_chunks_returned_to_freelist: 0.
num_chunks_taken_from_freelist: 48.
num_chunk_merges: 0.
num_chunk_splits: 18.
num_chunks_enlarged: 11.
num_purges: 0.

CodeHeap 'non-profiled nmethods': size=120000Kb used=126Kb max_used=126Kb free=119873Kb
 bounds [0x00000230bab00000, 0x00000230bad70000, 0x00000230c2030000]
CodeHeap 'profiled nmethods': size=120000Kb used=564Kb max_used=564Kb free=119435Kb
 bounds [0x00000230b35d0000, 0x00000230b3840000, 0x00000230bab00000]
CodeHeap 'non-nmethods': size=5760Kb used=1197Kb max_used=1214Kb free=4562Kb
 bounds [0x00000230b3030000, 0x00000230b32a0000, 0x00000230b35d0000]
 total_blobs=807 nmethods=404 adapters=316
 compilation: enabled
              stopped_count=0, restarted_count=0
 full_count=0

Compilation events (20 events):
Event: 272.516 Thread 0x00000230c9c223b0  392       3       java.lang.StringUTF16::compress (20 bytes)
Event: 272.516 Thread 0x00000230c9c223b0 nmethod 392 0x00000230b3659590 code [0x00000230b3659740, 0x00000230b3659988]
Event: 272.516 Thread 0x00000230c9c223b0  393       3       org.eclipse.jdt.launching.internal.org.objectweb.asm.ClassReader::readUtf (44 bytes)
Event: 272.516 Thread 0x00000230c9c223b0 nmethod 393 0x00000230b3659a90 code [0x00000230b3659c60, 0x00000230b365a078]
Event: 315.730 Thread 0x00000230c9c223b0  394       3       org.eclipse.jdt.launching.internal.org.objectweb.asm.ClassReader::getItem (7 bytes)
Event: 315.730 Thread 0x00000230c9c223b0 nmethod 394 0x00000230b365a290 code [0x00000230b365a420, 0x00000230b365a558]
Event: 315.730 Thread 0x00000230c9c223b0  395       3       java.lang.String::<init> (14 bytes)
Event: 315.731 Thread 0x00000230c9c223b0 nmethod 395 0x00000230b365a610 code [0x00000230b365a7e0, 0x00000230b365a9f8]
Event: 315.731 Thread 0x00000230c9c223b0  396       3       java.lang.String::rangeCheck (9 bytes)
Event: 315.731 Thread 0x00000230c9c223b0 nmethod 396 0x00000230b365ab10 code [0x00000230b365acc0, 0x00000230b365ae08]
Event: 315.731 Thread 0x00000230c9c223b0  397       3       org.eclipse.jdt.launching.internal.org.objectweb.asm.SymbolTable::hash (10 bytes)
Event: 315.731 Thread 0x00000230c9c223b0 nmethod 397 0x00000230b365af10 code [0x00000230b365b0c0, 0x00000230b365b208]
Event: 37311.783 Thread 0x00000230c9c223b0  400       3       java.lang.ref.ReferenceQueue::reallyPoll (65 bytes)
Event: 37311.793 Thread 0x00000230c9c223b0 nmethod 400 0x00000230b365b310 code [0x00000230b365b4e0, 0x00000230b365ba18]
Event: 44872.801 Thread 0x00000230c9c223b0  402   !   3       java.lang.ref.ReferenceQueue::remove (125 bytes)
Event: 44872.809 Thread 0x00000230c9c223b0 nmethod 402 0x00000230b365bb10 code [0x00000230b365bd40, 0x00000230b365c598]
Event: 44932.805 Thread 0x00000230c9c223b0  403   !   3       jdk.internal.ref.PhantomCleanable::isListEmpty (34 bytes)
Event: 44932.806 Thread 0x00000230c9c223b0 nmethod 403 0x00000230b365c910 code [0x00000230b365cac0, 0x00000230b365cd18]
Event: 44932.806 Thread 0x00000230c9c223b0  404       3       jdk.internal.misc.InnocuousThread::eraseThreadLocals (23 bytes)
Event: 44933.359 Thread 0x00000230c9c223b0 nmethod 404 0x00000230b365ce90 code [0x00000230b365d040, 0x00000230b365d238]

GC Heap History (0 events):
No events

Deoptimization events (20 events):
Event: 0.777 Thread 0x00000230afac3710 DEOPT PACKING pc=0x00000230b3645970 sp=0x00000098419f8420
Event: 0.778 Thread 0x00000230afac3710 DEOPT UNPACKING pc=0x00000230b307dece sp=0x00000098419f7888 mode 0
Event: 0.782 Thread 0x00000230afac3710 DEOPT PACKING pc=0x00000230b3645970 sp=0x00000098419f8420
Event: 0.782 Thread 0x00000230afac3710 DEOPT UNPACKING pc=0x00000230b307dece sp=0x00000098419f7888 mode 0
Event: 0.792 Thread 0x00000230afac3710 DEOPT PACKING pc=0x00000230b3645970 sp=0x00000098419fbe50
Event: 0.792 Thread 0x00000230afac3710 DEOPT UNPACKING pc=0x00000230b307dece sp=0x00000098419fb2b8 mode 0
Event: 0.792 Thread 0x00000230afac3710 DEOPT PACKING pc=0x00000230b3645970 sp=0x00000098419fbe50
Event: 0.792 Thread 0x00000230afac3710 DEOPT UNPACKING pc=0x00000230b307dece sp=0x00000098419fb2b8 mode 0
Event: 0.792 Thread 0x00000230afac3710 DEOPT PACKING pc=0x00000230b3645970 sp=0x00000098419fbe50
Event: 0.792 Thread 0x00000230afac3710 DEOPT UNPACKING pc=0x00000230b307dece sp=0x00000098419fb2b8 mode 0
Event: 0.808 Thread 0x00000230afac3710 DEOPT PACKING pc=0x00000230b3645a5b sp=0x00000098419f8010
Event: 0.808 Thread 0x00000230afac3710 DEOPT UNPACKING pc=0x00000230b307dece sp=0x00000098419f7478 mode 0
Event: 0.810 Thread 0x00000230afac3710 DEOPT PACKING pc=0x00000230b3645970 sp=0x00000098419f8010
Event: 0.810 Thread 0x00000230afac3710 DEOPT UNPACKING pc=0x00000230b307dece sp=0x00000098419f7478 mode 0
Event: 0.810 Thread 0x00000230afac3710 DEOPT PACKING pc=0x00000230b3645970 sp=0x00000098419f8010
Event: 0.810 Thread 0x00000230afac3710 DEOPT UNPACKING pc=0x00000230b307dece sp=0x00000098419f7478 mode 0
Event: 0.810 Thread 0x00000230afac3710 DEOPT PACKING pc=0x00000230b3645970 sp=0x00000098419f8010
Event: 0.810 Thread 0x00000230afac3710 DEOPT UNPACKING pc=0x00000230b307dece sp=0x00000098419f7478 mode 0
Event: 0.811 Thread 0x00000230afac3710 DEOPT PACKING pc=0x00000230b3645a5b sp=0x00000098419f8010
Event: 0.811 Thread 0x00000230afac3710 DEOPT UNPACKING pc=0x00000230b307dece sp=0x00000098419f7478 mode 0

Classes unloaded (0 events):
No events

Classes redefined (4 events):
Event: 231.327 Thread 0x00000230c90e2500 redefined class name=com.java.logical.Prime, count=1
Event: 272.518 Thread 0x00000230c90e2500 redefined class name=com.java.logical.Prime, count=2
Event: 308.489 Thread 0x00000230c90e2500 redefined class name=com.java.logical.Prime, count=3
Event: 315.733 Thread 0x00000230c90e2500 redefined class name=com.java.logical.Prime, count=4

Internal exceptions (1 events):
Event: 0.737 Thread 0x00000230afac3710 Exception <a 'java/lang/NoSuchMethodError'{0x00000000882fce98}: 'java.lang.Object java.lang.invoke.DirectMethodHandle$Holder.invokeStatic(java.lang.Object)'> (0x00000000882fce98) 
thrown [t:\workspace\open\src\hotspot\share\interpreter\linkResolver.cpp, line 790]

Events (20 events):
Event: 272.517 Executing  VM operation: RedefineClasses
Event: 272.520 Executing  VM operation: RedefineClasses done
Event: 308.488 Executing  VM operation: RedefineClasses
Event: 308.491 Executing  VM operation: RedefineClasses done
Event: 315.732 Executing  VM operation: RedefineClasses
Event: 315.735 Executing  VM operation: RedefineClasses done
Event: 349.069 Executing  VM operation: ChangeBreakpoints
Event: 349.070 Executing  VM operation: ChangeBreakpoints done
Event: 349.071 Executing  VM operation: ChangeBreakpoints
Event: 349.071 Executing  VM operation: ChangeBreakpoints done
Event: 349.776 Executing  VM operation: ChangeBreakpoints
Event: 349.777 Executing  VM operation: ChangeBreakpoints done
Event: 349.781 Executing  VM operation: ChangeBreakpoints
Event: 349.781 Executing  VM operation: ChangeBreakpoints done
Event: 213292.692 Executing  VM operation: ChangeBreakpoints
Event: 213293.677 Executing  VM operation: ChangeBreakpoints done
Event: 213293.794 Executing  VM operation: ChangeBreakpoints
Event: 213293.912 Thread 0x00000230c9e5aef0 Thread exited: 0x00000230c9e5aef0
Event: 213294.039 Executing  VM operation: ChangeBreakpoints done
Event: 213295.035 Thread 0x00000230c9e39ca0 Thread exited: 0x00000230c9e39ca0


Dynamic libraries:
0x00007ff657ea0000 - 0x00007ff657eae000 	C:\Users\admin\.p2\pool\plugins\org.eclipse.justj.openjdk.hotspot.jre.full.win32.x86_64_16.0.1.v20210528-1205\jre\bin\javaw.exe
0x00007ffd4c370000 - 0x00007ffd4c565000 	C:\WINDOWS\SYSTEM32\ntdll.dll
0x00007ffd3d7f0000 - 0x00007ffd3d807000 	C:\Program Files\AVG\Antivirus\aswhook.dll
0x00007ffd4bff0000 - 0x00007ffd4c0ae000 	C:\WINDOWS\System32\KERNEL32.DLL
0x00007ffd4a010000 - 0x00007ffd4a2d8000 	C:\WINDOWS\System32\KERNELBASE.dll
0x00007ffd49ca0000 - 0x00007ffd49da0000 	C:\WINDOWS\System32\ucrtbase.dll
0x00007ffd3e7e0000 - 0x00007ffd3e7f8000 	C:\Users\admin\.p2\pool\plugins\org.eclipse.justj.openjdk.hotspot.jre.full.win32.x86_64_16.0.1.v20210528-1205\jre\bin\jli.dll
0x00007ffd27730000 - 0x00007ffd27749000 	C:\Users\admin\.p2\pool\plugins\org.eclipse.justj.openjdk.hotspot.jre.full.win32.x86_64_16.0.1.v20210528-1205\jre\bin\VCRUNTIME140.dll
0x00007ffd4c0b0000 - 0x00007ffd4c250000 	C:\WINDOWS\System32\USER32.dll
0x00007ffd4a350000 - 0x00007ffd4a372000 	C:\WINDOWS\System32\win32u.dll
0x00007ffd34cd0000 - 0x00007ffd34f6a000 	C:\WINDOWS\WinSxS\amd64_microsoft.windows.common-controls_6595b64144ccf1df_6.0.19041.1110_none_60b5254171f9507e\COMCTL32.dll
0x00007ffd4a440000 - 0x00007ffd4a46a000 	C:\WINDOWS\System32\GDI32.dll
0x00007ffd4ba40000 - 0x00007ffd4bade000 	C:\WINDOWS\System32\msvcrt.dll
0x00007ffd49f00000 - 0x00007ffd4a00b000 	C:\WINDOWS\System32\gdi32full.dll
0x00007ffd49dd0000 - 0x00007ffd49e6d000 	C:\WINDOWS\System32\msvcp_win.dll
0x00007ffd4bf40000 - 0x00007ffd4bf70000 	C:\WINDOWS\System32\IMM32.DLL
0x00007ffd47310000 - 0x00007ffd4731c000 	C:\Users\admin\.p2\pool\plugins\org.eclipse.justj.openjdk.hotspot.jre.full.win32.x86_64_16.0.1.v20210528-1205\jre\bin\vcruntime140_1.dll
0x00007ffd1e950000 - 0x00007ffd1e9e1000 	C:\Users\admin\.p2\pool\plugins\org.eclipse.justj.openjdk.hotspot.jre.full.win32.x86_64_16.0.1.v20210528-1205\jre\bin\msvcp140.dll
0x00007ffca0220000 - 0x00007ffca0dcb000 	C:\Users\admin\.p2\pool\plugins\org.eclipse.justj.openjdk.hotspot.jre.full.win32.x86_64_16.0.1.v20210528-1205\jre\bin\server\jvm.dll
0x00007ffd4a7f0000 - 0x00007ffd4a89e000 	C:\WINDOWS\System32\ADVAPI32.dll
0x00007ffd4be40000 - 0x00007ffd4bedc000 	C:\WINDOWS\System32\sechost.dll
0x00007ffd4a8a0000 - 0x00007ffd4a9c5000 	C:\WINDOWS\System32\RPCRT4.dll
0x00007ffd4ab30000 - 0x00007ffd4ab38000 	C:\WINDOWS\System32\PSAPI.DLL
0x00007ffd3fcb0000 - 0x00007ffd3fcd7000 	C:\WINDOWS\SYSTEM32\WINMM.dll
0x00007ffd3fce0000 - 0x00007ffd3fcea000 	C:\WINDOWS\SYSTEM32\VERSION.dll
0x00007ffd3a4d0000 - 0x00007ffd3a4d9000 	C:\WINDOWS\SYSTEM32\WSOCK32.dll
0x00007ffd4aac0000 - 0x00007ffd4ab2b000 	C:\WINDOWS\System32\ws2_32.DLL
0x00007ffd479b0000 - 0x00007ffd479c2000 	C:\WINDOWS\SYSTEM32\kernel.appcore.dll
0x00007ffd456e0000 - 0x00007ffd456ea000 	C:\Users\admin\.p2\pool\plugins\org.eclipse.justj.openjdk.hotspot.jre.full.win32.x86_64_16.0.1.v20210528-1205\jre\bin\jimage.dll
0x00007ffd3ce20000 - 0x00007ffd3d004000 	C:\WINDOWS\SYSTEM32\DBGHELP.DLL
0x00007ffd3cdf0000 - 0x00007ffd3ce1c000 	C:\WINDOWS\SYSTEM32\dbgcore.DLL
0x00007ffd49e70000 - 0x00007ffd49ef2000 	C:\WINDOWS\System32\bcryptPrimitives.dll
0x00007ffd2b440000 - 0x00007ffd2b47b000 	C:\Users\admin\.p2\pool\plugins\org.eclipse.justj.openjdk.hotspot.jre.full.win32.x86_64_16.0.1.v20210528-1205\jre\bin\jdwp.dll
0x00007ffd456d0000 - 0x00007ffd456de000 	C:\Users\admin\.p2\pool\plugins\org.eclipse.justj.openjdk.hotspot.jre.full.win32.x86_64_16.0.1.v20210528-1205\jre\bin\instrument.dll
0x00007ffd35960000 - 0x00007ffd35985000 	C:\Users\admin\.p2\pool\plugins\org.eclipse.justj.openjdk.hotspot.jre.full.win32.x86_64_16.0.1.v20210528-1205\jre\bin\java.dll
0x00007ffd306b0000 - 0x00007ffd306c8000 	C:\Users\admin\.p2\pool\plugins\org.eclipse.justj.openjdk.hotspot.jre.full.win32.x86_64_16.0.1.v20210528-1205\jre\bin\zip.dll
0x00007ffd4b2f0000 - 0x00007ffd4ba34000 	C:\WINDOWS\System32\SHELL32.dll
0x00007ffd47bb0000 - 0x00007ffd48344000 	C:\WINDOWS\SYSTEM32\windows.storage.dll
0x00007ffd4bae0000 - 0x00007ffd4be34000 	C:\WINDOWS\System32\combase.dll
0x00007ffd49430000 - 0x00007ffd4945c000 	C:\WINDOWS\SYSTEM32\Wldp.dll
0x00007ffd4ac30000 - 0x00007ffd4acdd000 	C:\WINDOWS\System32\SHCORE.dll
0x00007ffd4a3d0000 - 0x00007ffd4a425000 	C:\WINDOWS\System32\shlwapi.dll
0x00007ffd499d0000 - 0x00007ffd499ef000 	C:\WINDOWS\SYSTEM32\profapi.dll
0x00007ffd41340000 - 0x00007ffd4134c000 	C:\Users\admin\.p2\pool\plugins\org.eclipse.justj.openjdk.hotspot.jre.full.win32.x86_64_16.0.1.v20210528-1205\jre\bin\dt_socket.dll
0x00007ffd48e80000 - 0x00007ffd48ebb000 	C:\WINDOWS\SYSTEM32\IPHLPAPI.DLL
0x00007ffd49190000 - 0x00007ffd491fa000 	C:\WINDOWS\system32\mswsock.dll
0x00007ffd48f10000 - 0x00007ffd48fdb000 	C:\WINDOWS\SYSTEM32\DNSAPI.dll
0x00007ffd4b2e0000 - 0x00007ffd4b2e8000 	C:\WINDOWS\System32\NSI.dll
0x00007ffd3ac00000 - 0x00007ffd3ac0a000 	C:\Windows\System32\rasadhlp.dll
0x00007ffd3ade0000 - 0x00007ffd3ae5f000 	C:\WINDOWS\System32\fwpuclnt.dll
0x00007ffd49da0000 - 0x00007ffd49dc7000 	C:\WINDOWS\System32\bcrypt.dll
0x00007ffd2c6d0000 - 0x00007ffd2c6e9000 	C:\Users\admin\.p2\pool\plugins\org.eclipse.justj.openjdk.hotspot.jre.full.win32.x86_64_16.0.1.v20210528-1205\jre\bin\net.dll
0x00007ffd40060000 - 0x00007ffd4016a000 	C:\WINDOWS\SYSTEM32\WINHTTP.dll
0x00007ffd2b100000 - 0x00007ffd2b113000 	C:\Users\admin\.p2\pool\plugins\org.eclipse.justj.openjdk.hotspot.jre.full.win32.x86_64_16.0.1.v20210528-1205\jre\bin\nio.dll
0x00007ffd2d170000 - 0x00007ffd2d180000 	C:\Users\admin\.p2\pool\plugins\org.eclipse.justj.openjdk.hotspot.jre.full.win32.x86_64_16.0.1.v20210528-1205\jre\bin\verify.dll

dbghelp: loaded successfully - version: 4.0.5 - missing functions: none
symbol engine: initialized successfully - sym options: 0x614 - pdb path: .;C:\Users\admin\.p2\pool\plugins\org.eclipse.justj.openjdk.hotspot.jre.full.win32.x86_64_16.0.1.v20210528-1205\jre\bin;C:\WINDOWS\SYSTEM32;C:\Program Files\AVG\Antivirus;C:\WINDOWS\WinSxS\amd64_microsoft.windows.common-controls_6595b64144ccf1df_6.0.19041.1110_none_60b5254171f9507e;C:\Users\admin\.p2\pool\plugins\org.eclipse.justj.openjdk.hotspot.jre.full.win32.x86_64_16.0.1.v20210528-1205\jre\bin\server

VM Arguments:
jvm_args: -XX:+ShowCodeDetailsInExceptionMessages -agentlib:jdwp=transport=dt_socket,suspend=y,address=localhost:62403 -javaagent:C:\Users\admin\eclipse\java-2021-06\eclipse\configuration\org.eclipse.osgi\755\0\.cp\lib\javaagent-shaded.jar -Dfile.encoding=Cp1252 
java_command: com.java.logical.Prime
java_class_path (initial): E:\Java_all_material\Practice_workspace\Revision_Logical_25sep2022\bin
Launcher Type: SUN_STANDARD

[Global flags]
     intx CICompilerCount                          = 3                                         {product} {ergonomic}
     uint ConcGCThreads                            = 1                                         {product} {ergonomic}
     uint G1ConcRefinementThreads                  = 4                                         {product} {ergonomic}
   size_t G1HeapRegionSize                         = 1048576                                   {product} {ergonomic}
    uintx GCDrainStackTargetSize                   = 64                                        {product} {ergonomic}
   size_t InitialHeapSize                          = 134217728                                 {product} {ergonomic}
   size_t MarkStackSize                            = 4194304                                   {product} {ergonomic}
   size_t MaxHeapSize                              = 2141192192                                {product} {ergonomic}
   size_t MaxNewSize                               = 1284505600                                {product} {ergonomic}
   size_t MinHeapDeltaBytes                        = 1048576                                   {product} {ergonomic}
   size_t MinHeapSize                              = 8388608                                   {product} {ergonomic}
    uintx NonNMethodCodeHeapSize                   = 5832780                                {pd product} {ergonomic}
    uintx NonProfiledCodeHeapSize                  = 122912730                              {pd product} {ergonomic}
    uintx ProfiledCodeHeapSize                     = 122912730                              {pd product} {ergonomic}
    uintx ReservedCodeCacheSize                    = 251658240                              {pd product} {ergonomic}
     bool SegmentedCodeCache                       = true                                      {product} {ergonomic}
     bool ShowCodeDetailsInExceptionMessages       = true                                   {manageable} {command line}
   size_t SoftMaxHeapSize                          = 2141192192                             {manageable} {ergonomic}
     bool UseCompressedClassPointers               = true                           {product lp64_product} {ergonomic}
     bool UseCompressedOops                        = true                           {product lp64_product} {ergonomic}
     bool UseG1GC                                  = true                                      {product} {ergonomic}
     bool UseLargePagesIndividualAllocation        = false                                  {pd product} {ergonomic}

Logging:
Log output configuration:
 #0: stdout all=warning uptime,level,tags
 #1: stderr all=off uptime,level,tags

Environment Variables:
PATH=C:\Users\admin\.p2\pool\plugins\org.eclipse.justj.openjdk.hotspot.jre.full.win32.x86_64_16.0.1.v20210528-1205\jre\bin;C:/Users/admin/.p2/pool/plugins/org.eclipse.justj.openjdk.hotspot.jre.full.win32.x86_64_16.0.1.v20210528-1205/jre/bin/server;C:/Users/admin/.p2/pool/plugins/org.eclipse.justj.openjdk.hotspot.jre.full.win32.x86_64_16.0.1.v20210528-1205/jre/bin;C:\Python310\Scripts\;C:\Python310\;C:\Program Files (x86)\Common Files\Oracle\Java\javapath;C:\WINDOWS\system32;C:\WINDOWS;C:\WINDOWS\System32\Wbem;C:\WINDOWS\System32\WindowsPowerShell\v1.0\;C:\Program Files (x86)\ATI Technologies\ATI.ACE\Core-Static;C:\Program Files\Java\jdk1.8.0_291\bin;;C:\WINDOWS\System32\OpenSSH\;C:\Android;C:\Windows\System32;C:\Program Files\nodejs\;C:\ProgramData\chocolatey\bin;C:\Users\admin\AppData\Local\Microsoft\WindowsApps;C:\Users\admin\AppData\Roaming\npm;C:\Users\admin\AppData\Local\Programs\Microsoft VS Code\bin;C:\Users\admin\OneDrive\Desktop;
USERNAME=admin
OS=Windows_NT
PROCESSOR_IDENTIFIER=Intel64 Family 6 Model 42 Stepping 7, GenuineIntel



---------------  S Y S T E M  ---------------

OS:
 Windows 10 , 64 bit Build 19041 (10.0.19041.1566)
OS uptime: 27 days 23:11 hours

CPU: total 4 (initial active 4) (2 cores per cpu, 2 threads per core) family 6 model 42 stepping 7 microcode 0x2f, cx8, cmov, fxsr, ht, mmx, sse, sse2, sse3, ssse3, sse4.1, sse4.2, popcnt, tsc, tscinvbit, avx, aes, clmul, vzeroupper, clflush

Memory: 4k page, system-wide physical 8162M (1172M free)
TotalPageFile size 18459M (AvailPageFile size 5096M)
current process WorkingSet (physical memory assigned to process): 25M, peak: 45M
current process commit charge ("private bytes"): 201M, peak: 203M

vm_info: OpenJDK 64-Bit Server VM (16.0.1+9-24) for windows-amd64 JRE (16.0.1+9-24), built on Mar 26 2021 19:30:07 by "mach5one" with MS VC++ 16.7 (VS2019)

END.
